%!Adobe-FontList 1.23
%Locale:0x409

%BeginFont
Handler:DirectoryHandler
FontType:TrueType
FontName:Montserrat-Regular
FamilyName:Montserrat
StyleName:Regular
FullName:Montserrat Regular
MenuName:Montserrat
StyleBits:0
WritingScript:Roman
OutlineFileName:D:\Wickey\2025\Smart King Manual\00 - Asset library\Document fonts\Montserrat-Regular.ttf
DataFormat:sfntData
hasSVG:no
hasCOLR:no
VariableFontType:NonVariableFont
FileLength:263192
FileModTime:1745422868
WeightClass:400
WidthClass:5
AngleClass:0
NameArray:0,Mac,4,Montserrat Regular
NameArray:0,Win,1,Montserrat
%EndFont

%BeginFont
Handler:DirectoryHandler
FontType:Type1
FontName:LondrinaBlack-Regular
FamilyName:Londrina Black
StyleName:Regular
FullName:Londrina Black
MenuName:Londrina Black
StyleBits:0
WritingScript:Roman
OutlineFileName:D:\Wickey\2025\Smart King Manual\00 - Asset library\Document fonts\Tipos Pereira - LondrinaBlack-Regular.otf
DataFormat:sfntData
UsesStandardEncoding:yes
isCFF:yes
hasSVG:no
hasCOLR:no
VariableFontType:NonVariableFont
FileLength:53536
FileModTime:1745422868
WeightClass:400
WidthClass:5
AngleClass:0
NameArray:0,Mac,4,Londrina Black
NameArray:0,Win,1,Londrina Black
%EndFont

%BeginFont
Handler:DirectoryHandler
FontType:TrueType
FontName:ArialMT
FamilyName:Arial
StyleName:Regular
FullName:Arial
MenuName:Arial
StyleBits:0
WritingScript:Roman
OutlineFileName:D:\Wickey\2025\Smart King Manual\00 - Asset library\Document fonts\arial.ttf
DataFormat:sfntData
hasSVG:no
hasCOLR:no
VariableFontType:NonVariableFont
FileLength:774236
FileModTime:1745422868
WeightClass:400
WidthClass:5
AngleClass:0
NameArray:0,Mac,4,Arial
NameArray:0,Win,1,Arial
%EndFont

%BeginFont
Handler:DirectoryHandler
FontType:TrueType
FontName:Arial-BoldMT
FamilyName:Arial
StyleName:Bold
FullName:Arial Bold
MenuName:Arial
StyleBits:2
WritingScript:Roman
OutlineFileName:D:\Wickey\2025\Smart King Manual\00 - Asset library\Document fonts\arialbd.ttf
DataFormat:sfntData
hasSVG:no
hasCOLR:no
VariableFontType:NonVariableFont
FileLength:750596
FileModTime:1745422868
WeightClass:700
WidthClass:5
AngleClass:0
NameArray:0,Mac,4,Arial Bold
NameArray:0,Win,1,Arial
%EndFont

