%!Adobe-FontList 1.24
%Locale:0x407

%BeginFont
Handler:DirectoryHandler
FontType:Type1
FontName:MinionPro-Regular
FamilyName:Minion Pro
StyleName:Regular
FullName:Minion Pro
MenuName:Minion Pro
StyleBits:0
WritingScript:Roman
OutlineFileName:C:\Users\r.orschler\Desktop\Smart King Indesign Project\00 - Indesign Base File\Pack and Go\Document fonts\MinionPro-Regular.otf
DataFormat:sfntData
UsesStandardEncoding:yes
isCFF:yes
hasSVG:no
hasCOLR:no
VariableFontType:NonVariableFont
FileLength:218640
FileModTime:1744358289
WeightClass:400
WidthClass:5
AngleClass:0
DesignSize:110
NameArray:0,Mac,4,Minion Pro
NameArray:0,Win,1,Minion Pro
%EndFont

%BeginFont
Handler:DirectoryHandler
FontType:Type1
FontName:Montserrat-Regular
FamilyName:Montserrat
StyleName:Regular
FullName:Montserrat Regular
MenuName:Montserrat
StyleBits:0
WritingScript:Roman
OutlineFileName:C:\Users\r.orschler\Desktop\Smart King Indesign Project\00 - Indesign Base File\Pack and Go\Document fonts\Montserrat-Regular.otf
DataFormat:sfntData
UsesStandardEncoding:yes
isCFF:yes
hasSVG:no
hasCOLR:no
VariableFontType:NonVariableFont
FileLength:93516
FileModTime:1709897161
WeightClass:400
WidthClass:5
AngleClass:0
NameArray:0,Mac,4,Montserrat Regular
NameArray:0,Win,1,Montserrat
%EndFont

%BeginFont
Handler:DirectoryHandler
FontType:Type1
FontName:LondrinaBlack-Regular
FamilyName:Londrina Black
StyleName:Regular
FullName:Londrina Black
MenuName:Londrina Black
StyleBits:0
WritingScript:Roman
OutlineFileName:C:\Users\r.orschler\Desktop\Smart King Indesign Project\00 - Indesign Base File\Pack and Go\Document fonts\Tipos Pereira - LondrinaBlack-Regular.otf
DataFormat:sfntData
UsesStandardEncoding:yes
isCFF:yes
hasSVG:no
hasCOLR:no
VariableFontType:NonVariableFont
FileLength:53536
FileModTime:1677491065
WeightClass:400
WidthClass:5
AngleClass:0
NameArray:0,Mac,4,Londrina Black
NameArray:0,Win,1,Londrina Black
%EndFont

%BeginFont
Handler:DirectoryHandler
FontType:TrueType
FontName:ArialMT
FamilyName:Arial
StyleName:Regular
FullName:Arial
MenuName:Arial
StyleBits:0
WritingScript:Roman
OutlineFileName:C:\Users\r.orschler\Desktop\Smart King Indesign Project\00 - Indesign Base File\Pack and Go\Document fonts\arial.ttf
DataFormat:sfntData
hasSVG:no
hasCOLR:no
VariableFontType:NonVariableFont
FileLength:1047208
FileModTime:1711956127
WeightClass:400
WidthClass:5
AngleClass:0
NameArray:0,Mac,4,Arial
NameArray:0,Win,1,Arial
%EndFont

%BeginFont
Handler:DirectoryHandler
FontType:TrueType
FontName:Arial-BoldMT
FamilyName:Arial
StyleName:Bold
FullName:Arial Bold
MenuName:Arial
StyleBits:2
WritingScript:Roman
OutlineFileName:C:\Users\r.orschler\Desktop\Smart King Indesign Project\00 - Indesign Base File\Pack and Go\Document fonts\arialbd.ttf
DataFormat:sfntData
hasSVG:no
hasCOLR:no
VariableFontType:NonVariableFont
FileLength:991572
FileModTime:1711956159
WeightClass:700
WidthClass:5
AngleClass:0
NameArray:0,Mac,4,Arial Bold
NameArray:0,Win,1,Arial
%EndFont

