%!Adobe-FontList 1.24
%Locale:0x409

%BeginFont
Handler:DirectoryHandler
FontType:TrueType
FontName:Montserrat-Regular
FamilyName:Montserrat
StyleName:Regular
FullName:Montserrat Regular
MenuName:Montserrat
StyleBits:0
WritingScript:Roman
OutlineFileName:C:\Users\micic\Desktop\Smart King & Queen Manual - V100 - Rev6 - Roofs Folder\Document fonts\Montserrat-Regular.ttf
DataFormat:sfntData
hasSVG:no
hasCOLR:no
VariableFontType:NonVariableFont
FileLength:330948
FileModTime:1742565343
WeightClass:400
WidthClass:5
AngleClass:0
NameArray:0,Win,1,Montserrat
%EndFont

%BeginFont
Handler:DirectoryHandler
FontType:TrueType
FontName:ArialMT
FamilyName:Arial
StyleName:Regular
FullName:Arial
MenuName:Arial
StyleBits:0
WritingScript:Roman
OutlineFileName:C:\Users\micic\Desktop\Smart King & Queen Manual - V100 - Rev6 - Roofs Folder\Document fonts\arial.ttf
DataFormat:sfntData
hasSVG:no
hasCOLR:no
VariableFontType:NonVariableFont
FileLength:1036584
FileModTime:1575713306
WeightClass:400
WidthClass:5
AngleClass:0
NameArray:0,Mac,4,Arial
NameArray:0,Win,1,Arial
%EndFont

%BeginFont
Handler:DirectoryHandler
FontType:TrueType
FontName:Arial-BoldMT
FamilyName:Arial
StyleName:Bold
FullName:Arial Bold
MenuName:Arial
StyleBits:2
WritingScript:Roman
OutlineFileName:C:\Users\micic\Desktop\Smart King & Queen Manual - V100 - Rev6 - Roofs Folder\Document fonts\arialbd.ttf
DataFormat:sfntData
hasSVG:no
hasCOLR:no
VariableFontType:NonVariableFont
FileLength:980756
FileModTime:1575713306
WeightClass:700
WidthClass:5
AngleClass:0
NameArray:0,Mac,4,Arial Bold
NameArray:0,Win,1,Arial
%EndFont

